<?xml version="1.0" encoding="UTF-8"?>
<testsuite xmlns:xsi="http://www.w3.org/2001/XMLSchema-instance" xsi:noNamespaceSchemaLocation="https://maven.apache.org/surefire/maven-surefire-plugin/xsd/surefire-test-report-3.0.xsd" version="3.0" name="com.ai.OpenAiApplicationTests" time="3.251" tests="1" errors="0" skipped="0" failures="0">
  <properties>
[...]
</properties>
  <testcase name="contextLoads" classname="com.ai.OpenAiApplicationTests" time="1.137">
    <system-out><![CDATA[21:56:08.111 [main] INFO org.springframework.test.context.support.AnnotationConfigContextLoaderUtils -- Could not detect default configuration classes for test class [com.ai.OpenAiApplicationTests]: OpenAiApplicationTests does not declare any static, non-private, non-final, nested classes annotated with @Configuration.
21:56:08.218 [main] INFO org.springframework.boot.test.context.SpringBootTestContextBootstrapper -- Found @SpringBootConfiguration com.ai.OpenAiApplication for test class com.ai.OpenAiApplicationTests

  .   ____          _            __ _ _
 /\\ / ___'_ __ _ _(_)_ __  __ _ \ \ \ \
( ( )\___ | '_ | '_| | '_ \/ _` | \ \ \ \
 \\/  ___)| |_)| | | | | || (_| |  ) ) ) )
  '  |____| .__|_| |_|_| |_\__, | / / / /
 =========|_|==============|___/=/_/_/_/
 :: Spring Boot ::                (v3.1.2)

2023-07-31T21:56:08.705+05:30  INFO 8332 --- [           main] com.ai.OpenAiApplicationTests            : Starting OpenAiApplicationTests using Java 17.0.4.1 with PID 8332 (started by ndevr in C:\Users\ndevr\OneDrive\Desktop\finalAI)
2023-07-31T21:56:08.706+05:30  INFO 8332 --- [           main] com.ai.OpenAiApplicationTests            : No active profile set, falling back to 1 default profile: "default"
2023-07-31T21:56:10.023+05:30  INFO 8332 --- [           main] com.ai.OpenAiApplicationTests            : Started OpenAiApplicationTests in 1.628 seconds (process running for 3.164)
]]></system-out>
  </testcase>
</testsuite>